<?xml version="1.0" encoding="UTF-8"?>
<testng-results ignored="0" total="1" passed="1" failed="0" skipped="0">
  <reporter-output>
  </reporter-output>
  <suite started-at="2025-10-08T12:11:59 IST" name="Default suite" finished-at="2025-10-08T12:12:08 IST" duration-ms="8683">
    <groups>
    </groups>
    <test started-at="2025-10-08T12:11:59 IST" name="Default test" finished-at="2025-10-08T12:12:08 IST" duration-ms="8683">
      <class name="com.AutomationExercise.Tests.SignUpLoginTest">
        <test-method is-config="true" signature="setup()[pri:0, instance:com.AutomationExercise.Tests.SignUpLoginTest@31190526]" started-at="2025-10-08T12:11:59 IST" name="setup" finished-at="2025-10-08T12:12:06 IST" duration-ms="6663" status="PASS">
          <reporter-output>
          </reporter-output>
        </test-method> <!-- setup -->
        <test-method signature="SignUptest()[pri:0, instance:com.AutomationExercise.Tests.SignUpLoginTest@31190526]" started-at="2025-10-08T12:12:06 IST" name="SignUptest" finished-at="2025-10-08T12:12:08 IST" duration-ms="1563" status="PASS">
          <reporter-output>
          </reporter-output>
        </test-method> <!-- SignUptest -->
        <test-method is-config="true" signature="teardown()[pri:0, instance:com.AutomationExercise.Tests.SignUpLoginTest@31190526]" started-at="2025-10-08T12:12:08 IST" name="teardown" finished-at="2025-10-08T12:12:08 IST" duration-ms="401" status="PASS">
          <reporter-output>
          </reporter-output>
        </test-method> <!-- teardown -->
      </class> <!-- com.AutomationExercise.Tests.SignUpLoginTest -->
    </test> <!-- Default test -->
  </suite> <!-- Default suite -->
</testng-results>
