<?xml version="1.0" encoding="UTF-8"?>
<testng-results ignored="0" total="1" passed="1" failed="0" skipped="0">
  <reporter-output>
  </reporter-output>
  <suite started-at="2024-09-14T16:53:41 IST" name="Default suite" finished-at="2024-09-14T16:53:53 IST" duration-ms="12568">
    <groups>
    </groups>
    <test started-at="2024-09-14T16:53:41 IST" name="Default test" finished-at="2024-09-14T16:53:53 IST" duration-ms="12568">
      <class name="Selenium_Challenge$SeleniumChallenge">
        <test-method signature="testInit()[pri:0, instance:Selenium_Challenge$SeleniumChallenge@2e385cce]" started-at="2024-09-14T16:53:41 IST" name="testInit" finished-at="2024-09-14T16:53:53 IST" duration-ms="12478" status="PASS">
          <reporter-output>
          </reporter-output>
        </test-method> <!-- testInit -->
      </class> <!-- Selenium_Challenge$SeleniumChallenge -->
    </test> <!-- Default test -->
  </suite> <!-- Default suite -->
</testng-results>
